1537507960947	geckodriver	INFO	geckodriver 0.21.0
1537507960958	geckodriver	INFO	Listening on 127.0.0.1:60416
1537507963999	mozrunner::runner	INFO	Running command: "C:\\Program Files (x86)\\Mozilla Firefox\\firefox.exe" "-marionette" "-foreground" "-no-remote" "-profile" "C:\\Users\\ADMINI~1\\AppData\\Local\\Temp\\rust_mozprofile.rTVxh6jo5a2w"
[Parent 8032, Gecko_IOThread] WARNING: pipe error: 109: file z:/build/build/src/ipc/chromium/src/chrome/common/ipc_channel_win.cc, line 346
[Child 9736, Chrome_ChildThread] WARNING: pipe error: 109: file z:/build/build/src/ipc/chromium/src/chrome/common/ipc_channel_win.cc, line 346
1537507973338	Marionette	INFO	Listening on port 60427
1537507973595	Marionette	WARN	TLS certificate errors will be ignored for this session
1537507973659	Marionette	DEBUG	[4294967297] Frame script loaded
1537507973713	Marionette	DEBUG	[4294967297] Frame script registered
1537507973849	Marionette	DEBUG	[4294967297] Received DOM event beforeunload for about:blank
1537507974709	Marionette	DEBUG	[4294967297] Received DOM event pagehide for about:blank
1537507974991	Marionette	DEBUG	[4294967297] Received DOM event DOMContentLoaded for https://biaodan.info/q/7sisis
1537507976069	Marionette	DEBUG	[4294967297] Received DOM event pageshow for https://biaodan.info/q/7sisis
JavaScript warning: https://static.geetest.com/static/js/geetest.6.0.9.js, line 1: unreachable code after return statement
JavaScript warning: https://static.geetest.com/static/js/geetest.6.0.9.js, line 1: unreachable code after return statement
JavaScript warning: https://static.geetest.com/static/js/geetest.6.0.9.js, line 1: unreachable code after return statement
JavaScript warning: https://static.geetest.com/static/js/geetest.6.0.9.js, line 1: unreachable code after return statement
JavaScript warning: https://static.geetest.com/static/js/geetest.6.0.9.js, line 1: unreachable code after return statement
JavaScript warning: https://static.geetest.com/static/js/geetest.6.0.9.js, line 1: unreachable code after return statement
JavaScript warning: https://static.geetest.com/static/js/geetest.6.0.9.js, line 1: unreachable code after return statement
JavaScript warning: https://static.geetest.com/static/js/geetest.6.0.9.js, line 1: unreachable code after return statement
JavaScript warning: https://static.geetest.com/static/js/geetest.6.0.9.js, line 1: unreachable code after return statement
JavaScript warning: https://static.geetest.com/static/js/geetest.6.0.9.js, line 1: unreachable code after return statement
JavaScript warning: https://static.geetest.com/static/js/geetest.6.0.9.js, line 1: unreachable code after return statement
JavaScript warning: https://static.geetest.com/static/js/geetest.6.0.9.js, line 1: unreachable code after return statement
JavaScript warning: https://static.geetest.com/static/js/geetest.6.0.9.js, line 1: unreachable code after return statement
JavaScript warning: https://static.geetest.com/static/js/geetest.6.0.9.js, line 1: unreachable code after return statement
JavaScript warning: https://static.geetest.com/static/js/geetest.6.0.9.js, line 1: unreachable code after return statement
JavaScript warning: https://static.geetest.com/static/js/geetest.6.0.9.js, line 1: unreachable code after return statement
JavaScript warning: https://static.geetest.com/static/js/geetest.6.0.9.js, line 1: unreachable code after return statement
JavaScript warning: https://static.geetest.com/static/js/geetest.6.0.9.js, line 1: unreachable code after return statement
JavaScript warning: https://static.geetest.com/static/js/geetest.6.0.9.js, line 1: unreachable code after return statement
JavaScript warning: https://static.geetest.com/static/js/geetest.6.0.9.js, line 1: unreachable code after return statement
JavaScript warning: https://static.geetest.com/static/js/geetest.6.0.9.js, line 1: unreachable code after return statement
JavaScript warning: https://static.geetest.com/static/js/geetest.6.0.9.js, line 1: unreachable code after return statement
JavaScript warning: https://static.geetest.com/static/js/geetest.6.0.9.js, line 1: unreachable code after return statement
JavaScript warning: https://static.geetest.com/static/js/geetest.6.0.9.js, line 1: unreachable code after return statement
JavaScript warning: https://static.geetest.com/static/js/geetest.6.0.9.js, line 1: unreachable code after return statement
JavaScript warning: https://static.geetest.com/static/js/geetest.6.0.9.js, line 1: unreachable code after return statement
JavaScript warning: https://static.geetest.com/static/js/geetest.6.0.9.js, line 1: unreachable code after return statement
JavaScript warning: https://static.geetest.com/static/js/geetest.6.0.9.js, line 1: unreachable code after return statement
JavaScript warning: https://static.geetest.com/static/js/geetest.6.0.9.js, line 1: unreachable code after return statement
JavaScript warning: https://static.geetest.com/static/js/geetest.6.0.9.js, line 1: unreachable code after return statement
JavaScript warning: https://static.geetest.com/static/js/geetest.6.0.9.js, line 1: unreachable code after return statement
JavaScript warning: https://static.geetest.com/static/js/geetest.6.0.9.js, line 1: unreachable code after return statement
JavaScript warning: https://static.geetest.com/static/js/geetest.6.0.9.js, line 1: unreachable code after return statement
JavaScript warning: https://static.geetest.com/static/js/geetest.6.0.9.js, line 1: unreachable code after return statement
JavaScript warning: https://static.geetest.com/static/js/geetest.6.0.9.js, line 1: unreachable code after return statement
JavaScript warning: https://static.geetest.com/static/js/geetest.6.0.9.js, line 1: unreachable code after return statement
JavaScript warning: https://static.geetest.com/static/js/geetest.6.0.9.js, line 1: unreachable code after return statement
JavaScript warning: https://static.geetest.com/static/js/geetest.6.0.9.js, line 1: unreachable code after return statement
JavaScript warning: https://static.geetest.com/static/js/geetest.6.0.9.js, line 1: unreachable code after return statement
JavaScript warning: https://static.geetest.com/static/js/geetest.6.0.9.js, line 1: unreachable code after return statement
JavaScript warning: https://static.geetest.com/static/js/geetest.6.0.9.js, line 1: unreachable code after return statement
JavaScript warning: https://static.geetest.com/static/js/geetest.6.0.9.js, line 1: unreachable code after return statement
JavaScript warning: https://static.geetest.com/static/js/geetest.6.0.9.js, line 1: unreachable code after return statement
JavaScript warning: https://static.geetest.com/static/js/geetest.6.0.9.js, line 1: unreachable code after return statement
JavaScript warning: https://static.geetest.com/static/js/geetest.6.0.9.js, line 1: unreachable code after return statement
JavaScript warning: https://static.geetest.com/static/js/geetest.6.0.9.js, line 1: unreachable code after return statement
JavaScript warning: https://static.geetest.com/static/js/geetest.6.0.9.js, line 1: unreachable code after return statement
JavaScript warning: https://static.geetest.com/static/js/geetest.6.0.9.js, line 1: unreachable code after return statement
JavaScript warning: https://static.geetest.com/static/js/geetest.6.0.9.js, line 1: unreachable code after return statement
JavaScript warning: https://static.geetest.com/static/js/geetest.6.0.9.js, line 1: unreachable code after return statement
JavaScript warning: https://static.geetest.com/static/js/geetest.6.0.9.js, line 1: unreachable code after return statement
JavaScript warning: https://static.geetest.com/static/js/geetest.6.0.9.js, line 1: unreachable code after return statement
JavaScript warning: https://static.geetest.com/static/js/geetest.6.0.9.js, line 1: unreachable code after return statement
JavaScript warning: https://static.geetest.com/static/js/geetest.6.0.9.js, line 1: unreachable code after return statement
JavaScript warning: https://static.geetest.com/static/js/geetest.6.0.9.js, line 1: unreachable code after return statement
JavaScript warning: https://static.geetest.com/static/js/geetest.6.0.9.js, line 1: unreachable code after return statement
JavaScript warning: https://static.geetest.com/static/js/geetest.6.0.9.js, line 1: unreachable code after return statement
JavaScript warning: https://static.geetest.com/static/js/geetest.6.0.9.js, line 1: unreachable code after return statement
JavaScript warning: https://static.geetest.com/static/js/geetest.6.0.9.js, line 1: unreachable code after return statement
JavaScript warning: https://static.geetest.com/static/js/geetest.6.0.9.js, line 1: unreachable code after return statement
JavaScript warning: https://static.geetest.com/static/js/geetest.6.0.9.js, line 1: unreachable code after return statement
JavaScript warning: https://static.geetest.com/static/js/geetest.6.0.9.js, line 1: unreachable code after return statement
JavaScript warning: https://static.geetest.com/static/js/geetest.6.0.9.js, line 1: unreachable code after return statement
JavaScript warning: https://static.geetest.com/static/js/geetest.6.0.9.js, line 1: unreachable code after return statement
JavaScript warning: https://static.geetest.com/static/js/geetest.6.0.9.js, line 1: unreachable code after return statement
JavaScript warning: https://static.geetest.com/static/js/geetest.6.0.9.js, line 1: unreachable code after return statement
JavaScript warning: https://static.geetest.com/static/js/geetest.6.0.9.js, line 1: unreachable code after return statement
JavaScript warning: https://static.geetest.com/static/js/geetest.6.0.9.js, line 1: unreachable code after return statement
JavaScript warning: https://static.geetest.com/static/js/geetest.6.0.9.js, line 1: unreachable code after return statement
JavaScript warning: https://static.geetest.com/static/js/geetest.6.0.9.js, line 1: unreachable code after return statement
JavaScript warning: https://static.geetest.com/static/js/geetest.6.0.9.js, line 1: unreachable code after return statement
JavaScript warning: https://static.geetest.com/static/js/geetest.6.0.9.js, line 1: unreachable code after return statement
JavaScript warning: https://static.geetest.com/static/js/geetest.6.0.9.js, line 1: unreachable code after return statement
JavaScript warning: https://static.geetest.com/static/js/geetest.6.0.9.js, line 1: unreachable code after return statement
JavaScript warning: https://static.geetest.com/static/js/geetest.6.0.9.js, line 1: unreachable code after return statement
JavaScript warning: https://static.geetest.com/static/js/geetest.6.0.9.js, line 1: unreachable code after return statement
JavaScript warning: https://static.geetest.com/static/js/geetest.6.0.9.js, line 1: unreachable code after return statement
JavaScript warning: https://static.geetest.com/static/js/geetest.6.0.9.js, line 1: unreachable code after return statement
JavaScript warning: https://static.geetest.com/static/js/geetest.6.0.9.js, line 1: unreachable code after return statement
JavaScript warning: https://static.geetest.com/static/js/geetest.6.0.9.js, line 1: unreachable code after return statement
JavaScript warning: https://static.geetest.com/static/js/geetest.6.0.9.js, line 1: unreachable code after return statement
JavaScript warning: https://static.geetest.com/static/js/geetest.6.0.9.js, line 1: unreachable code after return statement
JavaScript warning: https://static.geetest.com/static/js/geetest.6.0.9.js, line 1: unreachable code after return statement
JavaScript warning: https://static.geetest.com/static/js/geetest.6.0.9.js, line 1: unreachable code after return statement
JavaScript warning: https://static.geetest.com/static/js/geetest.6.0.9.js, line 1: unreachable code after return statement
JavaScript warning: https://static.geetest.com/static/js/geetest.6.0.9.js, line 1: unreachable code after return statement
JavaScript warning: https://static.geetest.com/static/js/geetest.6.0.9.js, line 1: unreachable code after return statement
JavaScript warning: https://static.geetest.com/static/js/geetest.6.0.9.js, line 1: unreachable code after return statement
JavaScript warning: https://static.geetest.com/static/js/geetest.6.0.9.js, line 1: unreachable code after return statement
JavaScript warning: https://static.geetest.com/static/js/geetest.6.0.9.js, line 1: unreachable code after return statement
JavaScript warning: https://static.geetest.com/static/js/geetest.6.0.9.js, line 1: unreachable code after return statement
JavaScript warning: https://static.geetest.com/static/js/geetest.6.0.9.js, line 1: unreachable code after return statement
JavaScript warning: https://static.geetest.com/static/js/geetest.6.0.9.js, line 1: unreachable code after return statement
JavaScript warning: https://static.geetest.com/static/js/geetest.6.0.9.js, line 1: unreachable code after return statement
JavaScript warning: https://static.geetest.com/static/js/geetest.6.0.9.js, line 1: unreachable code after return statement
JavaScript warning: https://static.geetest.com/static/js/geetest.6.0.9.js, line 1: unreachable code after return statement
JavaScript warning: https://static.geetest.com/static/js/geetest.6.0.9.js, line 1: unreachable code after return statement
JavaScript warning: https://static.geetest.com/static/js/geetest.6.0.9.js, line 1: unreachable code after return statement
JavaScript warning: https://static.geetest.com/static/js/geetest.6.0.9.js, line 1: unreachable code after return statement
JavaScript warning: https://static.geetest.com/static/js/geetest.6.0.9.js, line 1: unreachable code after return statement
JavaScript warning: https://static.geetest.com/static/js/geetest.6.0.9.js, line 1: unreachable code after return statement
JavaScript warning: https://static.geetest.com/static/js/geetest.6.0.9.js, line 1: unreachable code after return statement
JavaScript warning: https://static.geetest.com/static/js/geetest.6.0.9.js, line 1: unreachable code after return statement
JavaScript warning: https://static.geetest.com/static/js/geetest.6.0.9.js, line 1: unreachable code after return statement
JavaScript warning: https://static.geetest.com/static/js/geetest.6.0.9.js, line 1: unreachable code after return statement
JavaScript warning: https://static.geetest.com/static/js/geetest.6.0.9.js, line 1: unreachable code after return statement
JavaScript warning: https://static.geetest.com/static/js/geetest.6.0.9.js, line 1: unreachable code after return statement
JavaScript warning: https://static.geetest.com/static/js/geetest.6.0.9.js, line 1: unreachable code after return statement
JavaScript warning: https://static.geetest.com/static/js/geetest.6.0.9.js, line 1: unreachable code after return statement
JavaScript warning: https://static.geetest.com/static/js/geetest.6.0.9.js, line 1: unreachable code after return statement
JavaScript warning: https://static.geetest.com/static/js/geetest.6.0.9.js, line 1: unreachable code after return statement
JavaScript warning: https://static.geetest.com/static/js/geetest.6.0.9.js, line 1: unreachable code after return statement
JavaScript warning: https://static.geetest.com/static/js/geetest.6.0.9.js, line 1: unreachable code after return statement
JavaScript warning: https://static.geetest.com/static/js/geetest.6.0.9.js, line 1: unreachable code after return statement
JavaScript warning: https://static.geetest.com/static/js/geetest.6.0.9.js, line 1: unreachable code after return statement
JavaScript warning: https://static.geetest.com/static/js/geetest.6.0.9.js, line 1: unreachable code after return statement
JavaScript warning: https://static.geetest.com/static/js/geetest.6.0.9.js, line 1: unreachable code after return statement
JavaScript warning: https://static.geetest.com/static/js/geetest.6.0.9.js, line 1: unreachable code after return statement
JavaScript warning: https://static.geetest.com/static/js/geetest.6.0.9.js, line 1: unreachable code after return statement
JavaScript warning: https://static.geetest.com/static/js/geetest.6.0.9.js, line 1: unreachable code after return statement
JavaScript warning: https://static.geetest.com/static/js/geetest.6.0.9.js, line 1: unreachable code after return statement
JavaScript warning: https://static.geetest.com/static/js/geetest.6.0.9.js, line 1: unreachable code after return statement
JavaScript warning: https://static.geetest.com/static/js/geetest.6.0.9.js, line 1: unreachable code after return statement
JavaScript warning: https://static.geetest.com/static/js/geetest.6.0.9.js, line 1: unreachable code after return statement
JavaScript warning: https://static.geetest.com/static/js/geetest.6.0.9.js, line 1: unreachable code after return statement
JavaScript warning: https://static.geetest.com/static/js/geetest.6.0.9.js, line 1: unreachable code after return statement
JavaScript warning: https://static.geetest.com/static/js/geetest.6.0.9.js, line 1: unreachable code after return statement
JavaScript warning: https://static.geetest.com/static/js/geetest.6.0.9.js, line 1: unreachable code after return statement
JavaScript warning: https://static.geetest.com/static/js/geetest.6.0.9.js, line 1: unreachable code after return statement
JavaScript warning: https://static.geetest.com/static/js/geetest.6.0.9.js, line 1: unreachable code after return statement
JavaScript warning: https://static.geetest.com/static/js/geetest.6.0.9.js, line 1: unreachable code after return statement
JavaScript warning: https://static.geetest.com/static/js/geetest.6.0.9.js, line 1: unreachable code after return statement
JavaScript warning: https://static.geetest.com/static/js/geetest.6.0.9.js, line 1: unreachable code after return statement
JavaScript warning: https://static.geetest.com/static/js/geetest.6.0.9.js, line 1: unreachable code after return statement
JavaScript warning: https://static.geetest.com/static/js/geetest.6.0.9.js, line 1: unreachable code after return statement
JavaScript warning: https://static.geetest.com/static/js/geetest.6.0.9.js, line 1: unreachable code after return statement
JavaScript warning: https://static.geetest.com/static/js/geetest.6.0.9.js, line 1: unreachable code after return statement
JavaScript warning: https://static.geetest.com/static/js/geetest.6.0.9.js, line 1: unreachable code after return statement
JavaScript warning: https://static.geetest.com/static/js/geetest.6.0.9.js, line 1: unreachable code after return statement
JavaScript warning: https://static.geetest.com/static/js/geetest.6.0.9.js, line 1: unreachable code after return statement
JavaScript warning: https://static.geetest.com/static/js/geetest.6.0.9.js, line 1: unreachable code after return statement
JavaScript warning: https://static.geetest.com/static/js/geetest.6.0.9.js, line 1: unreachable code after return statement
JavaScript warning: https://static.geetest.com/static/js/geetest.6.0.9.js, line 1: unreachable code after return statement
JavaScript warning: https://static.geetest.com/static/js/geetest.6.0.9.js, line 1: unreachable code after return statement
JavaScript warning: https://static.geetest.com/static/js/geetest.6.0.9.js, line 1: unreachable code after return statement
JavaScript warning: https://static.geetest.com/static/js/geetest.6.0.9.js, line 1: unreachable code after return statement
JavaScript warning: https://static.geetest.com/static/js/geetest.6.0.9.js, line 1: unreachable code after return statement
JavaScript warning: https://static.geetest.com/static/js/geetest.6.0.9.js, line 1: unreachable code after return statement
JavaScript warning: https://static.geetest.com/static/js/geetest.6.0.9.js, line 1: unreachable code after return statement
JavaScript warning: https://static.geetest.com/static/js/geetest.6.0.9.js, line 1: unreachable code after return statement
JavaScript warning: https://static.geetest.com/static/js/geetest.6.0.9.js, line 1: unreachable code after return statement
JavaScript warning: https://static.geetest.com/static/js/geetest.6.0.9.js, line 1: unreachable code after return statement
JavaScript warning: https://static.geetest.com/static/js/geetest.6.0.9.js, line 1: unreachable code after return statement
JavaScript warning: https://static.geetest.com/static/js/geetest.6.0.9.js, line 1: unreachable code after return statement
JavaScript warning: https://static.geetest.com/static/js/geetest.6.0.9.js, line 1: unreachable code after return statement
JavaScript warning: https://static.geetest.com/static/js/geetest.6.0.9.js, line 1: unreachable code after return statement
JavaScript warning: https://static.geetest.com/static/js/geetest.6.0.9.js, line 1: unreachable code after return statement
JavaScript warning: https://static.geetest.com/static/js/geetest.6.0.9.js, line 1: unreachable code after return statement
JavaScript warning: https://static.geetest.com/static/js/geetest.6.0.9.js, line 1: unreachable code after return statement
JavaScript warning: https://static.geetest.com/static/js/geetest.6.0.9.js, line 1: unreachable code after return statement
JavaScript warning: https://static.geetest.com/static/js/geetest.6.0.9.js, line 1: unreachable code after return statement
JavaScript warning: https://static.geetest.com/static/js/geetest.6.0.9.js, line 1: unreachable code after return statement
JavaScript warning: https://static.geetest.com/static/js/geetest.6.0.9.js, line 1: unreachable code after return statement
JavaScript warning: https://static.geetest.com/static/js/geetest.6.0.9.js, line 1: unreachable code after return statement
JavaScript warning: https://static.geetest.com/static/js/geetest.6.0.9.js, line 1: unreachable code after return statement
JavaScript warning: https://static.geetest.com/static/js/geetest.6.0.9.js, line 1: unreachable code after return statement
JavaScript warning: https://static.geetest.com/static/js/geetest.6.0.9.js, line 1: unreachable code after return statement
JavaScript warning: https://static.geetest.com/static/js/geetest.6.0.9.js, line 1: unreachable code after return statement
JavaScript warning: https://static.geetest.com/static/js/geetest.6.0.9.js, line 1: unreachable code after return statement
JavaScript warning: https://static.geetest.com/static/js/geetest.6.0.9.js, line 1: unreachable code after return statement
JavaScript warning: https://static.geetest.com/static/js/geetest.6.0.9.js, line 1: unreachable code after return statement
JavaScript warning: https://static.geetest.com/static/js/geetest.6.0.9.js, line 1: unreachable code after return statement
JavaScript warning: https://static.geetest.com/static/js/geetest.6.0.9.js, line 1: unreachable code after return statement
JavaScript warning: https://static.geetest.com/static/js/geetest.6.0.9.js, line 1: unreachable code after return statement
JavaScript warning: https://static.geetest.com/static/js/geetest.6.0.9.js, line 1: unreachable code after return statement
JavaScript warning: https://static.geetest.com/static/js/geetest.6.0.9.js, line 1: unreachable code after return statement
JavaScript warning: https://static.geetest.com/static/js/geetest.6.0.9.js, line 1: unreachable code after return statement
JavaScript warning: https://static.geetest.com/static/js/geetest.6.0.9.js, line 1: unreachable code after return statement
JavaScript warning: https://static.geetest.com/static/js/geetest.6.0.9.js, line 1: unreachable code after return statement
JavaScript warning: https://static.geetest.com/static/js/geetest.6.0.9.js, line 1: unreachable code after return statement
JavaScript warning: https://static.geetest.com/static/js/geetest.6.0.9.js, line 1: unreachable code after return statement
JavaScript warning: https://static.geetest.com/static/js/geetest.6.0.9.js, line 1: unreachable code after return statement
JavaScript warning: https://static.geetest.com/static/js/geetest.6.0.9.js, line 1: unreachable code after return statement
JavaScript warning: https://static.geetest.com/static/js/geetest.6.0.9.js, line 1: unreachable code after return statement
JavaScript warning: https://static.geetest.com/static/js/geetest.6.0.9.js, line 1: unreachable code after return statement
JavaScript warning: https://static.geetest.com/static/js/geetest.6.0.9.js, line 1: unreachable code after return statement
JavaScript warning: https://static.geetest.com/static/js/geetest.6.0.9.js, line 1: unreachable code after return statement
JavaScript warning: https://static.geetest.com/static/js/geetest.6.0.9.js, line 1: unreachable code after return statement
JavaScript warning: https://static.geetest.com/static/js/geetest.6.0.9.js, line 1: unreachable code after return statement
JavaScript warning: https://static.geetest.com/static/js/geetest.6.0.9.js, line 1: unreachable code after return statement
JavaScript warning: https://static.geetest.com/static/js/geetest.6.0.9.js, line 1: unreachable code after return statement
JavaScript warning: https://static.geetest.com/static/js/geetest.6.0.9.js, line 1: unreachable code after return statement
JavaScript warning: https://static.geetest.com/static/js/geetest.6.0.9.js, line 1: unreachable code after return statement
JavaScript warning: https://static.geetest.com/static/js/geetest.6.0.9.js, line 1: unreachable code after return statement
JavaScript warning: https://static.geetest.com/static/js/geetest.6.0.9.js, line 1: unreachable code after return statement
JavaScript warning: https://static.geetest.com/static/js/geetest.6.0.9.js, line 1: unreachable code after return statement
JavaScript warning: https://static.geetest.com/static/js/geetest.6.0.9.js, line 1: unreachable code after return statement
JavaScript warning: https://static.geetest.com/static/js/geetest.6.0.9.js, line 1: unreachable code after return statement
JavaScript warning: https://static.geetest.com/static/js/geetest.6.0.9.js, line 1: unreachable code after return statement
JavaScript warning: https://static.geetest.com/static/js/geetest.6.0.9.js, line 1: unreachable code after return statement
JavaScript warning: https://static.geetest.com/static/js/geetest.6.0.9.js, line 1: unreachable code after return statement
JavaScript warning: https://static.geetest.com/static/js/geetest.6.0.9.js, line 1: unreachable code after return statement
JavaScript warning: https://static.geetest.com/static/js/geetest.6.0.9.js, line 1: unreachable code after return statement
JavaScript warning: https://static.geetest.com/static/js/geetest.6.0.9.js, line 1: unreachable code after return statement
JavaScript warning: https://static.geetest.com/static/js/geetest.6.0.9.js, line 1: unreachable code after return statement
JavaScript warning: https://static.geetest.com/static/js/geetest.6.0.9.js, line 1: unreachable code after return statement
JavaScript warning: https://static.geetest.com/static/js/geetest.6.0.9.js, line 1: unreachable code after return statement
JavaScript warning: https://static.geetest.com/static/js/geetest.6.0.9.js, line 1: unreachable code after return statement
JavaScript warning: https://static.geetest.com/static/js/geetest.6.0.9.js, line 1: unreachable code after return statement
JavaScript warning: https://static.geetest.com/static/js/geetest.6.0.9.js, line 1: unreachable code after return statement
JavaScript warning: https://static.geetest.com/static/js/geetest.6.0.9.js, line 1: unreachable code after return statement
JavaScript warning: https://static.geetest.com/static/js/geetest.6.0.9.js, line 1: unreachable code after return statement
JavaScript warning: https://static.geetest.com/static/js/geetest.6.0.9.js, line 1: unreachable code after return statement
JavaScript warning: https://static.geetest.com/static/js/geetest.6.0.9.js, line 1: unreachable code after return statement
JavaScript warning: https://static.geetest.com/static/js/geetest.6.0.9.js, line 1: unreachable code after return statement
JavaScript warning: https://static.geetest.com/static/js/geetest.6.0.9.js, line 1: unreachable code after return statement
JavaScript warning: https://static.geetest.com/static/js/geetest.6.0.9.js, line 1: unreachable code after return statement
JavaScript warning: https://static.geetest.com/static/js/geetest.6.0.9.js, line 1: unreachable code after return statement
JavaScript warning: https://static.geetest.com/static/js/geetest.6.0.9.js, line 1: unreachable code after return statement
JavaScript warning: https://static.geetest.com/static/js/geetest.6.0.9.js, line 1: unreachable code after return statement
JavaScript warning: https://static.geetest.com/static/js/geetest.6.0.9.js, line 1: unreachable code after return statement
JavaScript warning: https://static.geetest.com/static/js/geetest.6.0.9.js, line 1: unreachable code after return statement
JavaScript warning: https://static.geetest.com/static/js/geetest.6.0.9.js, line 1: unreachable code after return statement
JavaScript warning: https://static.geetest.com/static/js/geetest.6.0.9.js, line 1: unreachable code after return statement
JavaScript warning: https://static.geetest.com/static/js/geetest.6.0.9.js, line 1: unreachable code after return statement
JavaScript warning: https://static.geetest.com/static/js/geetest.6.0.9.js, line 1: unreachable code after return statement
JavaScript warning: https://static.geetest.com/static/js/geetest.6.0.9.js, line 1: unreachable code after return statement
JavaScript warning: https://static.geetest.com/static/js/geetest.6.0.9.js, line 1: unreachable code after return statement
JavaScript warning: https://static.geetest.com/static/js/geetest.6.0.9.js, line 1: unreachable code after return statement
JavaScript warning: https://static.geetest.com/static/js/geetest.6.0.9.js, line 1: unreachable code after return statement
JavaScript warning: https://static.geetest.com/static/js/geetest.6.0.9.js, line 1: unreachable code after return statement
JavaScript warning: https://static.geetest.com/static/js/geetest.6.0.9.js, line 1: unreachable code after return statement
JavaScript warning: https://static.geetest.com/static/js/geetest.6.0.9.js, line 1: unreachable code after return statement
JavaScript warning: https://static.geetest.com/static/js/geetest.6.0.9.js, line 1: unreachable code after return statement
JavaScript warning: https://static.geetest.com/static/js/geetest.6.0.9.js, line 1: unreachable code after return statement
JavaScript warning: https://static.geetest.com/static/js/geetest.6.0.9.js, line 1: unreachable code after return statement
JavaScript warning: https://static.geetest.com/static/js/geetest.6.0.9.js, line 1: unreachable code after return statement
JavaScript warning: https://static.geetest.com/static/js/geetest.6.0.9.js, line 1: unreachable code after return statement
JavaScript warning: https://static.geetest.com/static/js/geetest.6.0.9.js, line 1: unreachable code after return statement
JavaScript warning: https://static.geetest.com/static/js/geetest.6.0.9.js, line 1: unreachable code after return statement
JavaScript warning: https://static.geetest.com/static/js/geetest.6.0.9.js, line 1: unreachable code after return statement
JavaScript warning: https://static.geetest.com/static/js/geetest.6.0.9.js, line 1: unreachable code after return statement
JavaScript warning: https://static.geetest.com/static/js/geetest.6.0.9.js, line 1: unreachable code after return statement
JavaScript warning: https://static.geetest.com/static/js/geetest.6.0.9.js, line 1: unreachable code after return statement
JavaScript warning: https://static.geetest.com/static/js/geetest.6.0.9.js, line 1: unreachable code after return statement
JavaScript warning: https://static.geetest.com/static/js/geetest.6.0.9.js, line 1: unreachable code after return statement
JavaScript warning: https://static.geetest.com/static/js/geetest.6.0.9.js, line 1: unreachable code after return statement
JavaScript warning: https://static.geetest.com/static/js/geetest.6.0.9.js, line 1: unreachable code after return statement
JavaScript warning: https://static.geetest.com/static/js/geetest.6.0.9.js, line 1: unreachable code after return statement
JavaScript warning: https://static.geetest.com/static/js/geetest.6.0.9.js, line 1: unreachable code after return statement
JavaScript warning: https://static.geetest.com/static/js/geetest.6.0.9.js, line 1: unreachable code after return statement
JavaScript warning: https://static.geetest.com/static/js/geetest.6.0.9.js, line 1: unreachable code after return statement
JavaScript warning: https://static.geetest.com/static/js/geetest.6.0.9.js, line 1: unreachable code after return statement
JavaScript warning: https://static.geetest.com/static/js/geetest.6.0.9.js, line 1: unreachable code after return statement
JavaScript warning: https://static.geetest.com/static/js/geetest.6.0.9.js, line 1: unreachable code after return statement
JavaScript warning: https://static.geetest.com/static/js/geetest.6.0.9.js, line 1: unreachable code after return statement
JavaScript warning: https://static.geetest.com/static/js/geetest.6.0.9.js, line 1: unreachable code after return statement
JavaScript warning: https://static.geetest.com/static/js/geetest.6.0.9.js, line 1: unreachable code after return statement
JavaScript warning: https://static.geetest.com/static/js/geetest.6.0.9.js, line 1: unreachable code after return statement
JavaScript warning: https://static.geetest.com/static/js/geetest.6.0.9.js, line 1: unreachable code after return statement
JavaScript warning: https://static.geetest.com/static/js/geetest.6.0.9.js, line 1: unreachable code after return statement
JavaScript warning: https://static.geetest.com/static/js/geetest.6.0.9.js, line 1: unreachable code after return statement
JavaScript warning: https://static.geetest.com/static/js/geetest.6.0.9.js, line 1: unreachable code after return statement
JavaScript warning: https://static.geetest.com/static/js/geetest.6.0.9.js, line 1: unreachable code after return statement
JavaScript warning: https://static.geetest.com/static/js/geetest.6.0.9.js, line 1: unreachable code after return statement
JavaScript warning: https://static.geetest.com/static/js/geetest.6.0.9.js, line 1: unreachable code after return statement
JavaScript warning: https://static.geetest.com/static/js/geetest.6.0.9.js, line 1: unreachable code after return statement
JavaScript warning: https://static.geetest.com/static/js/geetest.6.0.9.js, line 1: unreachable code after return statement
JavaScript warning: https://static.geetest.com/static/js/geetest.6.0.9.js, line 1: unreachable code after return statement
JavaScript warning: https://static.geetest.com/static/js/geetest.6.0.9.js, line 1: unreachable code after return statement
JavaScript warning: https://static.geetest.com/static/js/geetest.6.0.9.js, line 1: unreachable code after return statement
JavaScript warning: https://static.geetest.com/static/js/geetest.6.0.9.js, line 1: unreachable code after return statement
JavaScript warning: https://static.geetest.com/static/js/geetest.6.0.9.js, line 1: unreachable code after return statement
JavaScript warning: https://static.geetest.com/static/js/geetest.6.0.9.js, line 1: unreachable code after return statement
JavaScript warning: https://static.geetest.com/static/js/geetest.6.0.9.js, line 1: unreachable code after return statement
JavaScript warning: https://static.geetest.com/static/js/geetest.6.0.9.js, line 1: unreachable code after return statement
JavaScript warning: https://static.geetest.com/static/js/geetest.6.0.9.js, line 1: unreachable code after return statement
JavaScript warning: https://static.geetest.com/static/js/geetest.6.0.9.js, line 1: unreachable code after return statement
JavaScript warning: https://static.geetest.com/static/js/geetest.6.0.9.js, line 1: unreachable code after return statement
JavaScript warning: https://static.geetest.com/static/js/geetest.6.0.9.js, line 1: unreachable code after return statement
JavaScript warning: https://static.geetest.com/static/js/geetest.6.0.9.js, line 1: unreachable code after return statement
1537507983126	Marionette	DEBUG	[4294967297] Canceled page load listener because no navigation has been detected
1537508019849	Marionette	INFO	Stopped listening on port 60427
[Parent 8032, Gecko_IOThread] WARNING: pipe error: 109: file z:/build/build/src/ipc/chromium/src/chrome/common/ipc_channel_win.cc, line 346
[Child 12116, Chrome_ChildThread] WARNING: pipe error: 109: file z:/build/build/src/ipc/chromium/src/chrome/common/ipc_channel_win.cc, line 346
[Child 12116, Chrome_ChildThread] WARNING: pipe error: 109: file z:/build/build/src/ipc/chromium/src/chrome/common/ipc_channel_win.cc, line 346
[Child 224, Chrome_ChildThread] WARNING: pipe error: 109: file z:/build/build/src/ipc/chromium/src/chrome/common/ipc_channel_win.cc, line 346
[Child 224, Chrome_ChildThread] WARNING: pipe error: 109: file z:/build/build/src/ipc/chromium/src/chrome/common/ipc_channel_win.cc, line 346
[Child 11444, Chrome_ChildThread] WARNING: pipe error: 109: file z:/build/build/src/ipc/chromium/src/chrome/common/ipc_channel_win.cc, line 346
[Child 11444, Chrome_ChildThread] WARNING: pipe error: 109: file z:/build/build/src/ipc/chromium/src/chrome/common/ipc_channel_win.cc, line 346
[GPU 12040, Chrome_ChildThread] WARNING: pipe error: 109: file z:/build/build/src/ipc/chromium/src/chrome/common/ipc_channel_win.cc, line 346

###!!! [Child][MessageChannel::SendAndWait] Error: Channel error: cannot send/recv

1537508041375	geckodriver	INFO	geckodriver 0.21.0
1537508041389	geckodriver	INFO	Listening on 127.0.0.1:60572
1537508044465	mozrunner::runner	INFO	Running command: "C:\\Program Files (x86)\\Mozilla Firefox\\firefox.exe" "-marionette" "-foreground" "-no-remote" "-profile" "C:\\Users\\ADMINI~1\\AppData\\Local\\Temp\\rust_mozprofile.fqKg4TG8SMCk"
1537508047020	Marionette	INFO	Listening on port 60581
1537508047263	Marionette	WARN	TLS certificate errors will be ignored for this session
1537508047304	Marionette	DEBUG	[6442450945] Frame script loaded
1537508047323	Marionette	DEBUG	[6442450945] Frame script registered
1537508047361	Marionette	DEBUG	[6442450945] Received DOM event beforeunload for about:blank
1537508047644	Marionette	DEBUG	[6442450945] Received DOM event pagehide for about:blank
1537508047753	Marionette	DEBUG	[6442450945] Received DOM event DOMContentLoaded for https://biaodan.info/q/7sisis
1537508048005	Marionette	DEBUG	[6442450945] Received DOM event pageshow for https://biaodan.info/q/7sisis
JavaScript warning: https://static.geetest.com/static/js/geetest.6.0.9.js, line 1: unreachable code after return statement
JavaScript warning: https://static.geetest.com/static/js/geetest.6.0.9.js, line 1: unreachable code after return statement
JavaScript warning: https://static.geetest.com/static/js/geetest.6.0.9.js, line 1: unreachable code after return statement
JavaScript warning: https://static.geetest.com/static/js/geetest.6.0.9.js, line 1: unreachable code after return statement
JavaScript warning: https://static.geetest.com/static/js/geetest.6.0.9.js, line 1: unreachable code after return statement
JavaScript warning: https://static.geetest.com/static/js/geetest.6.0.9.js, line 1: unreachable code after return statement
JavaScript warning: https://static.geetest.com/static/js/geetest.6.0.9.js, line 1: unreachable code after return statement
JavaScript warning: https://static.geetest.com/static/js/geetest.6.0.9.js, line 1: unreachable code after return statement
JavaScript warning: https://static.geetest.com/static/js/geetest.6.0.9.js, line 1: unreachable code after return statement
JavaScript warning: https://static.geetest.com/static/js/geetest.6.0.9.js, line 1: unreachable code after return statement
JavaScript warning: https://static.geetest.com/static/js/geetest.6.0.9.js, line 1: unreachable code after return statement
JavaScript warning: https://static.geetest.com/static/js/geetest.6.0.9.js, line 1: unreachable code after return statement
JavaScript warning: https://static.geetest.com/static/js/geetest.6.0.9.js, line 1: unreachable code after return statement
JavaScript warning: https://static.geetest.com/static/js/geetest.6.0.9.js, line 1: unreachable code after return statement
JavaScript warning: https://static.geetest.com/static/js/geetest.6.0.9.js, line 1: unreachable code after return statement
JavaScript warning: https://static.geetest.com/static/js/geetest.6.0.9.js, line 1: unreachable code after return statement
JavaScript warning: https://static.geetest.com/static/js/geetest.6.0.9.js, line 1: unreachable code after return statement
JavaScript warning: https://static.geetest.com/static/js/geetest.6.0.9.js, line 1: unreachable code after return statement
JavaScript warning: https://static.geetest.com/static/js/geetest.6.0.9.js, line 1: unreachable code after return statement
JavaScript warning: https://static.geetest.com/static/js/geetest.6.0.9.js, line 1: unreachable code after return statement
JavaScript warning: https://static.geetest.com/static/js/geetest.6.0.9.js, line 1: unreachable code after return statement
JavaScript warning: https://static.geetest.com/static/js/geetest.6.0.9.js, line 1: unreachable code after return statement
JavaScript warning: https://static.geetest.com/static/js/geetest.6.0.9.js, line 1: unreachable code after return statement
JavaScript warning: https://static.geetest.com/static/js/geetest.6.0.9.js, line 1: unreachable code after return statement
JavaScript warning: https://static.geetest.com/static/js/geetest.6.0.9.js, line 1: unreachable code after return statement
JavaScript warning: https://static.geetest.com/static/js/geetest.6.0.9.js, line 1: unreachable code after return statement
JavaScript warning: https://static.geetest.com/static/js/geetest.6.0.9.js, line 1: unreachable code after return statement
JavaScript warning: https://static.geetest.com/static/js/geetest.6.0.9.js, line 1: unreachable code after return statement
JavaScript warning: https://static.geetest.com/static/js/geetest.6.0.9.js, line 1: unreachable code after return statement
JavaScript warning: https://static.geetest.com/static/js/geetest.6.0.9.js, line 1: unreachable code after return statement
JavaScript warning: https://static.geetest.com/static/js/geetest.6.0.9.js, line 1: unreachable code after return statement
JavaScript warning: https://static.geetest.com/static/js/geetest.6.0.9.js, line 1: unreachable code after return statement
JavaScript warning: https://static.geetest.com/static/js/geetest.6.0.9.js, line 1: unreachable code after return statement
JavaScript warning: https://static.geetest.com/static/js/geetest.6.0.9.js, line 1: unreachable code after return statement
JavaScript warning: https://static.geetest.com/static/js/geetest.6.0.9.js, line 1: unreachable code after return statement
JavaScript warning: https://static.geetest.com/static/js/geetest.6.0.9.js, line 1: unreachable code after return statement
JavaScript warning: https://static.geetest.com/static/js/geetest.6.0.9.js, line 1: unreachable code after return statement
JavaScript warning: https://static.geetest.com/static/js/geetest.6.0.9.js, line 1: unreachable code after return statement
JavaScript warning: https://static.geetest.com/static/js/geetest.6.0.9.js, line 1: unreachable code after return statement
JavaScript warning: https://static.geetest.com/static/js/geetest.6.0.9.js, line 1: unreachable code after return statement
JavaScript warning: https://static.geetest.com/static/js/geetest.6.0.9.js, line 1: unreachable code after return statement
JavaScript warning: https://static.geetest.com/static/js/geetest.6.0.9.js, line 1: unreachable code after return statement
JavaScript warning: https://static.geetest.com/static/js/geetest.6.0.9.js, line 1: unreachable code after return statement
JavaScript warning: https://static.geetest.com/static/js/geetest.6.0.9.js, line 1: unreachable code after return statement
JavaScript warning: https://static.geetest.com/static/js/geetest.6.0.9.js, line 1: unreachable code after return statement
JavaScript warning: https://static.geetest.com/static/js/geetest.6.0.9.js, line 1: unreachable code after return statement
JavaScript warning: https://static.geetest.com/static/js/geetest.6.0.9.js, line 1: unreachable code after return statement
JavaScript warning: https://static.geetest.com/static/js/geetest.6.0.9.js, line 1: unreachable code after return statement
JavaScript warning: https://static.geetest.com/static/js/geetest.6.0.9.js, line 1: unreachable code after return statement
JavaScript warning: https://static.geetest.com/static/js/geetest.6.0.9.js, line 1: unreachable code after return statement
JavaScript warning: https://static.geetest.com/static/js/geetest.6.0.9.js, line 1: unreachable code after return statement
JavaScript warning: https://static.geetest.com/static/js/geetest.6.0.9.js, line 1: unreachable code after return statement
JavaScript warning: https://static.geetest.com/static/js/geetest.6.0.9.js, line 1: unreachable code after return statement
JavaScript warning: https://static.geetest.com/static/js/geetest.6.0.9.js, line 1: unreachable code after return statement
JavaScript warning: https://static.geetest.com/static/js/geetest.6.0.9.js, line 1: unreachable code after return statement
JavaScript warning: https://static.geetest.com/static/js/geetest.6.0.9.js, line 1: unreachable code after return statement
JavaScript warning: https://static.geetest.com/static/js/geetest.6.0.9.js, line 1: unreachable code after return statement
JavaScript warning: https://static.geetest.com/static/js/geetest.6.0.9.js, line 1: unreachable code after return statement
JavaScript warning: https://static.geetest.com/static/js/geetest.6.0.9.js, line 1: unreachable code after return statement
JavaScript warning: https://static.geetest.com/static/js/geetest.6.0.9.js, line 1: unreachable code after return statement
JavaScript warning: https://static.geetest.com/static/js/geetest.6.0.9.js, line 1: unreachable code after return statement
JavaScript warning: https://static.geetest.com/static/js/geetest.6.0.9.js, line 1: unreachable code after return statement
JavaScript warning: https://static.geetest.com/static/js/geetest.6.0.9.js, line 1: unreachable code after return statement
JavaScript warning: https://static.geetest.com/static/js/geetest.6.0.9.js, line 1: unreachable code after return statement
JavaScript warning: https://static.geetest.com/static/js/geetest.6.0.9.js, line 1: unreachable code after return statement
JavaScript warning: https://static.geetest.com/static/js/geetest.6.0.9.js, line 1: unreachable code after return statement
JavaScript warning: https://static.geetest.com/static/js/geetest.6.0.9.js, line 1: unreachable code after return statement
JavaScript warning: https://static.geetest.com/static/js/geetest.6.0.9.js, line 1: unreachable code after return statement
JavaScript warning: https://static.geetest.com/static/js/geetest.6.0.9.js, line 1: unreachable code after return statement
JavaScript warning: https://static.geetest.com/static/js/geetest.6.0.9.js, line 1: unreachable code after return statement
JavaScript warning: https://static.geetest.com/static/js/geetest.6.0.9.js, line 1: unreachable code after return statement
JavaScript warning: https://static.geetest.com/static/js/geetest.6.0.9.js, line 1: unreachable code after return statement
JavaScript warning: https://static.geetest.com/static/js/geetest.6.0.9.js, line 1: unreachable code after return statement
JavaScript warning: https://static.geetest.com/static/js/geetest.6.0.9.js, line 1: unreachable code after return statement
JavaScript warning: https://static.geetest.com/static/js/geetest.6.0.9.js, line 1: unreachable code after return statement
JavaScript warning: https://static.geetest.com/static/js/geetest.6.0.9.js, line 1: unreachable code after return statement
JavaScript warning: https://static.geetest.com/static/js/geetest.6.0.9.js, line 1: unreachable code after return statement
JavaScript warning: https://static.geetest.com/static/js/geetest.6.0.9.js, line 1: unreachable code after return statement
JavaScript warning: https://static.geetest.com/static/js/geetest.6.0.9.js, line 1: unreachable code after return statement
JavaScript warning: https://static.geetest.com/static/js/geetest.6.0.9.js, line 1: unreachable code after return statement
JavaScript warning: https://static.geetest.com/static/js/geetest.6.0.9.js, line 1: unreachable code after return statement
JavaScript warning: https://static.geetest.com/static/js/geetest.6.0.9.js, line 1: unreachable code after return statement
JavaScript warning: https://static.geetest.com/static/js/geetest.6.0.9.js, line 1: unreachable code after return statement
JavaScript warning: https://static.geetest.com/static/js/geetest.6.0.9.js, line 1: unreachable code after return statement
JavaScript warning: https://static.geetest.com/static/js/geetest.6.0.9.js, line 1: unreachable code after return statement
JavaScript warning: https://static.geetest.com/static/js/geetest.6.0.9.js, line 1: unreachable code after return statement
JavaScript warning: https://static.geetest.com/static/js/geetest.6.0.9.js, line 1: unreachable code after return statement
JavaScript warning: https://static.geetest.com/static/js/geetest.6.0.9.js, line 1: unreachable code after return statement
JavaScript warning: https://static.geetest.com/static/js/geetest.6.0.9.js, line 1: unreachable code after return statement
JavaScript warning: https://static.geetest.com/static/js/geetest.6.0.9.js, line 1: unreachable code after return statement
JavaScript warning: https://static.geetest.com/static/js/geetest.6.0.9.js, line 1: unreachable code after return statement
JavaScript warning: https://static.geetest.com/static/js/geetest.6.0.9.js, line 1: unreachable code after return statement
JavaScript warning: https://static.geetest.com/static/js/geetest.6.0.9.js, line 1: unreachable code after return statement
JavaScript warning: https://static.geetest.com/static/js/geetest.6.0.9.js, line 1: unreachable code after return statement
JavaScript warning: https://static.geetest.com/static/js/geetest.6.0.9.js, line 1: unreachable code after return statement
JavaScript warning: https://static.geetest.com/static/js/geetest.6.0.9.js, line 1: unreachable code after return statement
JavaScript warning: https://static.geetest.com/static/js/geetest.6.0.9.js, line 1: unreachable code after return statement
JavaScript warning: https://static.geetest.com/static/js/geetest.6.0.9.js, line 1: unreachable code after return statement
JavaScript warning: https://static.geetest.com/static/js/geetest.6.0.9.js, line 1: unreachable code after return statement
JavaScript warning: https://static.geetest.com/static/js/geetest.6.0.9.js, line 1: unreachable code after return statement
JavaScript warning: https://static.geetest.com/static/js/geetest.6.0.9.js, line 1: unreachable code after return statement
JavaScript warning: https://static.geetest.com/static/js/geetest.6.0.9.js, line 1: unreachable code after return statement
JavaScript warning: https://static.geetest.com/static/js/geetest.6.0.9.js, line 1: unreachable code after return statement
JavaScript warning: https://static.geetest.com/static/js/geetest.6.0.9.js, line 1: unreachable code after return statement
JavaScript warning: https://static.geetest.com/static/js/geetest.6.0.9.js, line 1: unreachable code after return statement
JavaScript warning: https://static.geetest.com/static/js/geetest.6.0.9.js, line 1: unreachable code after return statement
JavaScript warning: https://static.geetest.com/static/js/geetest.6.0.9.js, line 1: unreachable code after return statement
JavaScript warning: https://static.geetest.com/static/js/geetest.6.0.9.js, line 1: unreachable code after return statement
JavaScript warning: https://static.geetest.com/static/js/geetest.6.0.9.js, line 1: unreachable code after return statement
JavaScript warning: https://static.geetest.com/static/js/geetest.6.0.9.js, line 1: unreachable code after return statement
JavaScript warning: https://static.geetest.com/static/js/geetest.6.0.9.js, line 1: unreachable code after return statement
JavaScript warning: https://static.geetest.com/static/js/geetest.6.0.9.js, line 1: unreachable code after return statement
JavaScript warning: https://static.geetest.com/static/js/geetest.6.0.9.js, line 1: unreachable code after return statement
JavaScript warning: https://static.geetest.com/static/js/geetest.6.0.9.js, line 1: unreachable code after return statement
JavaScript warning: https://static.geetest.com/static/js/geetest.6.0.9.js, line 1: unreachable code after return statement
JavaScript warning: https://static.geetest.com/static/js/geetest.6.0.9.js, line 1: unreachable code after return statement
JavaScript warning: https://static.geetest.com/static/js/geetest.6.0.9.js, line 1: unreachable code after return statement
JavaScript warning: https://static.geetest.com/static/js/geetest.6.0.9.js, line 1: unreachable code after return statement
JavaScript warning: https://static.geetest.com/static/js/geetest.6.0.9.js, line 1: unreachable code after return statement
JavaScript warning: https://static.geetest.com/static/js/geetest.6.0.9.js, line 1: unreachable code after return statement
JavaScript warning: https://static.geetest.com/static/js/geetest.6.0.9.js, line 1: unreachable code after return statement
JavaScript warning: https://static.geetest.com/static/js/geetest.6.0.9.js, line 1: unreachable code after return statement
JavaScript warning: https://static.geetest.com/static/js/geetest.6.0.9.js, line 1: unreachable code after return statement
JavaScript warning: https://static.geetest.com/static/js/geetest.6.0.9.js, line 1: unreachable code after return statement
JavaScript warning: https://static.geetest.com/static/js/geetest.6.0.9.js, line 1: unreachable code after return statement
JavaScript warning: https://static.geetest.com/static/js/geetest.6.0.9.js, line 1: unreachable code after return statement
JavaScript warning: https://static.geetest.com/static/js/geetest.6.0.9.js, line 1: unreachable code after return statement
JavaScript warning: https://static.geetest.com/static/js/geetest.6.0.9.js, line 1: unreachable code after return statement
JavaScript warning: https://static.geetest.com/static/js/geetest.6.0.9.js, line 1: unreachable code after return statement
JavaScript warning: https://static.geetest.com/static/js/geetest.6.0.9.js, line 1: unreachable code after return statement
JavaScript warning: https://static.geetest.com/static/js/geetest.6.0.9.js, line 1: unreachable code after return statement
JavaScript warning: https://static.geetest.com/static/js/geetest.6.0.9.js, line 1: unreachable code after return statement
JavaScript warning: https://static.geetest.com/static/js/geetest.6.0.9.js, line 1: unreachable code after return statement
JavaScript warning: https://static.geetest.com/static/js/geetest.6.0.9.js, line 1: unreachable code after return statement
JavaScript warning: https://static.geetest.com/static/js/geetest.6.0.9.js, line 1: unreachable code after return statement
JavaScript warning: https://static.geetest.com/static/js/geetest.6.0.9.js, line 1: unreachable code after return statement
JavaScript warning: https://static.geetest.com/static/js/geetest.6.0.9.js, line 1: unreachable code after return statement
JavaScript warning: https://static.geetest.com/static/js/geetest.6.0.9.js, line 1: unreachable code after return statement
JavaScript warning: https://static.geetest.com/static/js/geetest.6.0.9.js, line 1: unreachable code after return statement
JavaScript warning: https://static.geetest.com/static/js/geetest.6.0.9.js, line 1: unreachable code after return statement
JavaScript warning: https://static.geetest.com/static/js/geetest.6.0.9.js, line 1: unreachable code after return statement
JavaScript warning: https://static.geetest.com/static/js/geetest.6.0.9.js, line 1: unreachable code after return statement
JavaScript warning: https://static.geetest.com/static/js/geetest.6.0.9.js, line 1: unreachable code after return statement
JavaScript warning: https://static.geetest.com/static/js/geetest.6.0.9.js, line 1: unreachable code after return statement
JavaScript warning: https://static.geetest.com/static/js/geetest.6.0.9.js, line 1: unreachable code after return statement
JavaScript warning: https://static.geetest.com/static/js/geetest.6.0.9.js, line 1: unreachable code after return statement
JavaScript warning: https://static.geetest.com/static/js/geetest.6.0.9.js, line 1: unreachable code after return statement
JavaScript warning: https://static.geetest.com/static/js/geetest.6.0.9.js, line 1: unreachable code after return statement
JavaScript warning: https://static.geetest.com/static/js/geetest.6.0.9.js, line 1: unreachable code after return statement
JavaScript warning: https://static.geetest.com/static/js/geetest.6.0.9.js, line 1: unreachable code after return statement
JavaScript warning: https://static.geetest.com/static/js/geetest.6.0.9.js, line 1: unreachable code after return statement
JavaScript warning: https://static.geetest.com/static/js/geetest.6.0.9.js, line 1: unreachable code after return statement
JavaScript warning: https://static.geetest.com/static/js/geetest.6.0.9.js, line 1: unreachable code after return statement
JavaScript warning: https://static.geetest.com/static/js/geetest.6.0.9.js, line 1: unreachable code after return statement
JavaScript warning: https://static.geetest.com/static/js/geetest.6.0.9.js, line 1: unreachable code after return statement
JavaScript warning: https://static.geetest.com/static/js/geetest.6.0.9.js, line 1: unreachable code after return statement
JavaScript warning: https://static.geetest.com/static/js/geetest.6.0.9.js, line 1: unreachable code after return statement
JavaScript warning: https://static.geetest.com/static/js/geetest.6.0.9.js, line 1: unreachable code after return statement
JavaScript warning: https://static.geetest.com/static/js/geetest.6.0.9.js, line 1: unreachable code after return statement
JavaScript warning: https://static.geetest.com/static/js/geetest.6.0.9.js, line 1: unreachable code after return statement
JavaScript warning: https://static.geetest.com/static/js/geetest.6.0.9.js, line 1: unreachable code after return statement
JavaScript warning: https://static.geetest.com/static/js/geetest.6.0.9.js, line 1: unreachable code after return statement
JavaScript warning: https://static.geetest.com/static/js/geetest.6.0.9.js, line 1: unreachable code after return statement
JavaScript warning: https://static.geetest.com/static/js/geetest.6.0.9.js, line 1: unreachable code after return statement
JavaScript warning: https://static.geetest.com/static/js/geetest.6.0.9.js, line 1: unreachable code after return statement
JavaScript warning: https://static.geetest.com/static/js/geetest.6.0.9.js, line 1: unreachable code after return statement
JavaScript warning: https://static.geetest.com/static/js/geetest.6.0.9.js, line 1: unreachable code after return statement
JavaScript warning: https://static.geetest.com/static/js/geetest.6.0.9.js, line 1: unreachable code after return statement
JavaScript warning: https://static.geetest.com/static/js/geetest.6.0.9.js, line 1: unreachable code after return statement
JavaScript warning: https://static.geetest.com/static/js/geetest.6.0.9.js, line 1: unreachable code after return statement
JavaScript warning: https://static.geetest.com/static/js/geetest.6.0.9.js, line 1: unreachable code after return statement
JavaScript warning: https://static.geetest.com/static/js/geetest.6.0.9.js, line 1: unreachable code after return statement
JavaScript warning: https://static.geetest.com/static/js/geetest.6.0.9.js, line 1: unreachable code after return statement
JavaScript warning: https://static.geetest.com/static/js/geetest.6.0.9.js, line 1: unreachable code after return statement
JavaScript warning: https://static.geetest.com/static/js/geetest.6.0.9.js, line 1: unreachable code after return statement
JavaScript warning: https://static.geetest.com/static/js/geetest.6.0.9.js, line 1: unreachable code after return statement
JavaScript warning: https://static.geetest.com/static/js/geetest.6.0.9.js, line 1: unreachable code after return statement
JavaScript warning: https://static.geetest.com/static/js/geetest.6.0.9.js, line 1: unreachable code after return statement
JavaScript warning: https://static.geetest.com/static/js/geetest.6.0.9.js, line 1: unreachable code after return statement
JavaScript warning: https://static.geetest.com/static/js/geetest.6.0.9.js, line 1: unreachable code after return statement
JavaScript warning: https://static.geetest.com/static/js/geetest.6.0.9.js, line 1: unreachable code after return statement
JavaScript warning: https://static.geetest.com/static/js/geetest.6.0.9.js, line 1: unreachable code after return statement
JavaScript warning: https://static.geetest.com/static/js/geetest.6.0.9.js, line 1: unreachable code after return statement
JavaScript warning: https://static.geetest.com/static/js/geetest.6.0.9.js, line 1: unreachable code after return statement
JavaScript warning: https://static.geetest.com/static/js/geetest.6.0.9.js, line 1: unreachable code after return statement
JavaScript warning: https://static.geetest.com/static/js/geetest.6.0.9.js, line 1: unreachable code after return statement
JavaScript warning: https://static.geetest.com/static/js/geetest.6.0.9.js, line 1: unreachable code after return statement
JavaScript warning: https://static.geetest.com/static/js/geetest.6.0.9.js, line 1: unreachable code after return statement
JavaScript warning: https://static.geetest.com/static/js/geetest.6.0.9.js, line 1: unreachable code after return statement
JavaScript warning: https://static.geetest.com/static/js/geetest.6.0.9.js, line 1: unreachable code after return statement
JavaScript warning: https://static.geetest.com/static/js/geetest.6.0.9.js, line 1: unreachable code after return statement
JavaScript warning: https://static.geetest.com/static/js/geetest.6.0.9.js, line 1: unreachable code after return statement
JavaScript warning: https://static.geetest.com/static/js/geetest.6.0.9.js, line 1: unreachable code after return statement
JavaScript warning: https://static.geetest.com/static/js/geetest.6.0.9.js, line 1: unreachable code after return statement
JavaScript warning: https://static.geetest.com/static/js/geetest.6.0.9.js, line 1: unreachable code after return statement
JavaScript warning: https://static.geetest.com/static/js/geetest.6.0.9.js, line 1: unreachable code after return statement
JavaScript warning: https://static.geetest.com/static/js/geetest.6.0.9.js, line 1: unreachable code after return statement
JavaScript warning: https://static.geetest.com/static/js/geetest.6.0.9.js, line 1: unreachable code after return statement
JavaScript warning: https://static.geetest.com/static/js/geetest.6.0.9.js, line 1: unreachable code after return statement
JavaScript warning: https://static.geetest.com/static/js/geetest.6.0.9.js, line 1: unreachable code after return statement
JavaScript warning: https://static.geetest.com/static/js/geetest.6.0.9.js, line 1: unreachable code after return statement
JavaScript warning: https://static.geetest.com/static/js/geetest.6.0.9.js, line 1: unreachable code after return statement
JavaScript warning: https://static.geetest.com/static/js/geetest.6.0.9.js, line 1: unreachable code after return statement
JavaScript warning: https://static.geetest.com/static/js/geetest.6.0.9.js, line 1: unreachable code after return statement
JavaScript warning: https://static.geetest.com/static/js/geetest.6.0.9.js, line 1: unreachable code after return statement
JavaScript warning: https://static.geetest.com/static/js/geetest.6.0.9.js, line 1: unreachable code after return statement
JavaScript warning: https://static.geetest.com/static/js/geetest.6.0.9.js, line 1: unreachable code after return statement
JavaScript warning: https://static.geetest.com/static/js/geetest.6.0.9.js, line 1: unreachable code after return statement
JavaScript warning: https://static.geetest.com/static/js/geetest.6.0.9.js, line 1: unreachable code after return statement
JavaScript warning: https://static.geetest.com/static/js/geetest.6.0.9.js, line 1: unreachable code after return statement
JavaScript warning: https://static.geetest.com/static/js/geetest.6.0.9.js, line 1: unreachable code after return statement
JavaScript warning: https://static.geetest.com/static/js/geetest.6.0.9.js, line 1: unreachable code after return statement
JavaScript warning: https://static.geetest.com/static/js/geetest.6.0.9.js, line 1: unreachable code after return statement
JavaScript warning: https://static.geetest.com/static/js/geetest.6.0.9.js, line 1: unreachable code after return statement
JavaScript warning: https://static.geetest.com/static/js/geetest.6.0.9.js, line 1: unreachable code after return statement
JavaScript warning: https://static.geetest.com/static/js/geetest.6.0.9.js, line 1: unreachable code after return statement
JavaScript warning: https://static.geetest.com/static/js/geetest.6.0.9.js, line 1: unreachable code after return statement
JavaScript warning: https://static.geetest.com/static/js/geetest.6.0.9.js, line 1: unreachable code after return statement
JavaScript warning: https://static.geetest.com/static/js/geetest.6.0.9.js, line 1: unreachable code after return statement
JavaScript warning: https://static.geetest.com/static/js/geetest.6.0.9.js, line 1: unreachable code after return statement
JavaScript warning: https://static.geetest.com/static/js/geetest.6.0.9.js, line 1: unreachable code after return statement
JavaScript warning: https://static.geetest.com/static/js/geetest.6.0.9.js, line 1: unreachable code after return statement
JavaScript warning: https://static.geetest.com/static/js/geetest.6.0.9.js, line 1: unreachable code after return statement
JavaScript warning: https://static.geetest.com/static/js/geetest.6.0.9.js, line 1: unreachable code after return statement
JavaScript warning: https://static.geetest.com/static/js/geetest.6.0.9.js, line 1: unreachable code after return statement
JavaScript warning: https://static.geetest.com/static/js/geetest.6.0.9.js, line 1: unreachable code after return statement
JavaScript warning: https://static.geetest.com/static/js/geetest.6.0.9.js, line 1: unreachable code after return statement
JavaScript warning: https://static.geetest.com/static/js/geetest.6.0.9.js, line 1: unreachable code after return statement
JavaScript warning: https://static.geetest.com/static/js/geetest.6.0.9.js, line 1: unreachable code after return statement
JavaScript warning: https://static.geetest.com/static/js/geetest.6.0.9.js, line 1: unreachable code after return statement
JavaScript warning: https://static.geetest.com/static/js/geetest.6.0.9.js, line 1: unreachable code after return statement
JavaScript warning: https://static.geetest.com/static/js/geetest.6.0.9.js, line 1: unreachable code after return statement
JavaScript warning: https://static.geetest.com/static/js/geetest.6.0.9.js, line 1: unreachable code after return statement
JavaScript warning: https://static.geetest.com/static/js/geetest.6.0.9.js, line 1: unreachable code after return statement
JavaScript warning: https://static.geetest.com/static/js/geetest.6.0.9.js, line 1: unreachable code after return statement
JavaScript warning: https://static.geetest.com/static/js/geetest.6.0.9.js, line 1: unreachable code after return statement
JavaScript warning: https://static.geetest.com/static/js/geetest.6.0.9.js, line 1: unreachable code after return statement
JavaScript warning: https://static.geetest.com/static/js/geetest.6.0.9.js, line 1: unreachable code after return statement
JavaScript warning: https://static.geetest.com/static/js/geetest.6.0.9.js, line 1: unreachable code after return statement
JavaScript warning: https://static.geetest.com/static/js/geetest.6.0.9.js, line 1: unreachable code after return statement
JavaScript warning: https://static.geetest.com/static/js/geetest.6.0.9.js, line 1: unreachable code after return statement
JavaScript warning: https://static.geetest.com/static/js/geetest.6.0.9.js, line 1: unreachable code after return statement
JavaScript warning: https://static.geetest.com/static/js/geetest.6.0.9.js, line 1: unreachable code after return statement
JavaScript warning: https://static.geetest.com/static/js/geetest.6.0.9.js, line 1: unreachable code after return statement
JavaScript warning: https://static.geetest.com/static/js/geetest.6.0.9.js, line 1: unreachable code after return statement
JavaScript warning: https://static.geetest.com/static/js/geetest.6.0.9.js, line 1: unreachable code after return statement
JavaScript warning: https://static.geetest.com/static/js/geetest.6.0.9.js, line 1: unreachable code after return statement
JavaScript warning: https://static.geetest.com/static/js/geetest.6.0.9.js, line 1: unreachable code after return statement
JavaScript warning: https://static.geetest.com/static/js/geetest.6.0.9.js, line 1: unreachable code after return statement
JavaScript warning: https://static.geetest.com/static/js/geetest.6.0.9.js, line 1: unreachable code after return statement
JavaScript warning: https://static.geetest.com/static/js/geetest.6.0.9.js, line 1: unreachable code after return statement
JavaScript warning: https://static.geetest.com/static/js/geetest.6.0.9.js, line 1: unreachable code after return statement
JavaScript warning: https://static.geetest.com/static/js/geetest.6.0.9.js, line 1: unreachable code after return statement
JavaScript warning: https://static.geetest.com/static/js/geetest.6.0.9.js, line 1: unreachable code after return statement
JavaScript warning: https://static.geetest.com/static/js/geetest.6.0.9.js, line 1: unreachable code after return statement
JavaScript warning: https://static.geetest.com/static/js/geetest.6.0.9.js, line 1: unreachable code after return statement
JavaScript warning: https://static.geetest.com/static/js/geetest.6.0.9.js, line 1: unreachable code after return statement
JavaScript warning: https://static.geetest.com/static/js/geetest.6.0.9.js, line 1: unreachable code after return statement
JavaScript warning: https://static.geetest.com/static/js/geetest.6.0.9.js, line 1: unreachable code after return statement
JavaScript warning: https://static.geetest.com/static/js/geetest.6.0.9.js, line 1: unreachable code after return statement
JavaScript warning: https://static.geetest.com/static/js/geetest.6.0.9.js, line 1: unreachable code after return statement
JavaScript warning: https://static.geetest.com/static/js/geetest.6.0.9.js, line 1: unreachable code after return statement
JavaScript warning: https://static.geetest.com/static/js/geetest.6.0.9.js, line 1: unreachable code after return statement
JavaScript warning: https://static.geetest.com/static/js/geetest.6.0.9.js, line 1: unreachable code after return statement
JavaScript warning: https://static.geetest.com/static/js/geetest.6.0.9.js, line 1: unreachable code after return statement
JavaScript warning: https://static.geetest.com/static/js/geetest.6.0.9.js, line 1: unreachable code after return statement
JavaScript warning: https://static.geetest.com/static/js/geetest.6.0.9.js, line 1: unreachable code after return statement
JavaScript warning: https://static.geetest.com/static/js/geetest.6.0.9.js, line 1: unreachable code after return statement
JavaScript warning: https://static.geetest.com/static/js/geetest.6.0.9.js, line 1: unreachable code after return statement
JavaScript warning: https://static.geetest.com/static/js/geetest.6.0.9.js, line 1: unreachable code after return statement
JavaScript warning: https://static.geetest.com/static/js/geetest.6.0.9.js, line 1: unreachable code after return statement
JavaScript warning: https://static.geetest.com/static/js/geetest.6.0.9.js, line 1: unreachable code after return statement
JavaScript warning: https://static.geetest.com/static/js/geetest.6.0.9.js, line 1: unreachable code after return statement
JavaScript warning: https://static.geetest.com/static/js/geetest.6.0.9.js, line 1: unreachable code after return statement
JavaScript warning: https://static.geetest.com/static/js/geetest.6.0.9.js, line 1: unreachable code after return statement
JavaScript warning: https://static.geetest.com/static/js/geetest.6.0.9.js, line 1: unreachable code after return statement
JavaScript warning: https://static.geetest.com/static/js/geetest.6.0.9.js, line 1: unreachable code after return statement
JavaScript warning: https://static.geetest.com/static/js/geetest.6.0.9.js, line 1: unreachable code after return statement
JavaScript warning: https://static.geetest.com/static/js/geetest.6.0.9.js, line 1: unreachable code after return statement
JavaScript warning: https://static.geetest.com/static/js/geetest.6.0.9.js, line 1: unreachable code after return statement
JavaScript warning: https://static.geetest.com/static/js/geetest.6.0.9.js, line 1: unreachable code after return statement
1537508053301	Marionette	DEBUG	[6442450945] Canceled page load listener because no navigation has been detected
1537508089502	Marionette	INFO	Stopped listening on port 60581
[Parent 10616, Gecko_IOThread] WARNING: pipe error: 109: file z:/build/build/src/ipc/chromium/src/chrome/common/ipc_channel_win.cc, line 346
[Parent 10616, Gecko_IOThread] WARNING: pipe error: 109: file z:/build/build/src/ipc/chromium/src/chrome/common/ipc_channel_win.cc, line 346
[Child 9460, Chrome_ChildThread] WARNING: pipe error: 109: file z:/build/build/src/ipc/chromium/src/chrome/common/ipc_channel_win.cc, line 346
[Child 9460, Chrome_ChildThread] WARNING: pipe error: 109: file z:/build/build/src/ipc/chromium/src/chrome/common/ipc_channel_win.cc, line 346
[Parent 10616, Gecko_IOThread] WARNING: pipe error: 109: file z:/build/build/src/ipc/chromium/src/chrome/common/ipc_channel_win.cc, line 346
[Child 5924, Chrome_ChildThread] WARNING: pipe error: 109: file z:/build/build/src/ipc/chromium/src/chrome/common/ipc_channel_win.cc, line 346
[Child 5924, Chrome_ChildThread] WARNING: pipe error: 109: file z:/build/build/src/ipc/chromium/src/chrome/common/ipc_channel_win.cc, line 346
[GPU 11140, Chrome_ChildThread] WARNING: pipe error: 109: file z:/build/build/src/ipc/chromium/src/chrome/common/ipc_channel_win.cc, line 346

###!!! [Child][MessageChannel::SendAndWait] Error: Channel error: cannot send/recv

